<?xml version="1.0" encoding="UTF-8"?>
<!-- Generated by org.testng.reporters.JUnitReportReporter -->
<testsuite hostname="DESKTOP-BLEHUMN" failures="0" tests="5" name="com.vqa.testannotation.PriorityAttribute" time="0.014" errors="0" timestamp="2024-05-03T22:22:32 IST" skipped="0">
  <testcase classname="com.vqa.testannotation.PriorityAttribute" name="launchApplication" time="0.008"/>
  <testcase classname="com.vqa.testannotation.PriorityAttribute" name="navigateToDemoSite" time="0.002"/>
  <testcase classname="com.vqa.testannotation.PriorityAttribute" name="registerDemo" time="0.001"/>
  <testcase classname="com.vqa.testannotation.PriorityAttribute" name="validateSuccessMessage" time="0.001"/>
  <testcase classname="com.vqa.testannotation.PriorityAttribute" name="closeApplication" time="0.002"/>
</testsuite> <!-- com.vqa.testannotation.PriorityAttribute -->
