<?xml version="1.0" encoding="UTF-8"?>
<!-- Generated by org.testng.reporters.JUnitReportReporter -->
<testsuite hostname="DESKTOP-BLEHUMN" failures="0" tests="6" name="com.vqa.testannotation.BankingFlowAssertion" time="0.045" errors="0" timestamp="2024-11-15T11:51:46 IST" skipped="0">
  <testcase classname="com.vqa.testannotation.BankingFlowAssertion" name="launchApplication" time="0.040"/>
  <testcase classname="com.vqa.testannotation.BankingFlowAssertion" name="loginApplication" time="0.002"/>
  <testcase classname="com.vqa.testannotation.BankingFlowAssertion" name="checkSavingsAccountBalance" time="0.001"/>
  <testcase classname="com.vqa.testannotation.BankingFlowAssertion" name="checkCurrentAccountBalance" time="0.001"/>
  <testcase classname="com.vqa.testannotation.BankingFlowAssertion" name="logoutApplication" time="0.001"/>
  <testcase classname="com.vqa.testannotation.BankingFlowAssertion" name="closeApplication" time="0.000"/>
</testsuite> <!-- com.vqa.testannotation.BankingFlowAssertion -->
