<?xml version="1.0" encoding="UTF-8"?>
<!-- Generated by org.testng.reporters.JUnitReportReporter -->
<testsuite hostname="DESKTOP-BLEHUMN" failures="0" tests="4" name="com.vqa.methodclassannotation.BeforeAndAfterMethod" time="0.012" errors="0" timestamp="2024-11-15T11:51:46 IST" skipped="0">
  <testcase classname="com.vqa.methodclassannotation.BeforeAndAfterMethod" name="navigateToRegistrationForm" time="0.001"/>
  <testcase classname="com.vqa.methodclassannotation.BeforeAndAfterMethod" name="navigateToAlertPopupPage" time="0.001"/>
  <testcase classname="com.vqa.methodclassannotation.BeforeAndAfterMethod" name="navigateToWebTable" time="0.001"/>
  <testcase classname="com.vqa.methodclassannotation.BeforeAndAfterMethod" name="navigateToMultipleWindows" time="0.009"/>
</testsuite> <!-- com.vqa.methodclassannotation.BeforeAndAfterMethod -->
