<?xml version="1.0" encoding="UTF-8"?>
<!-- Generated by org.testng.reporters.JUnitReportReporter -->
<testsuite hostname="DESKTOP-BLEHUMN" failures="0" tests="6" name="com.vqa.testannotation.IgnoreTestCase" time="0.026" errors="0" timestamp="2024-05-22T14:25:55 IST" skipped="1">
  <testcase classname="com.vqa.testannotation.IgnoreTestCase" name="launchApplication" time="0.016"/>
  <testcase classname="com.vqa.testannotation.IgnoreTestCase" name="checkSavingsAccountBalance" time="0.004"/>
  <testcase classname="com.vqa.testannotation.IgnoreTestCase" name="checkCurrentAccountBalance" time="0.003"/>
  <testcase classname="com.vqa.testannotation.IgnoreTestCase" name="logoutApplication" time="0.001"/>
  <testcase classname="com.vqa.testannotation.IgnoreTestCase" name="closeApplication" time="0.002"/>
  <testcase classname="com.vqa.testannotation.IgnoreTestCase" name="loginApplication">
    <skipped/>
  </testcase> <!-- loginApplication -->
</testsuite> <!-- com.vqa.testannotation.IgnoreTestCase -->
