<?xml version="1.0" encoding="UTF-8"?>
<!-- Generated by org.testng.reporters.JUnitReportReporter -->
<testsuite hostname="DESKTOP-BLEHUMN" failures="0" tests="5" name="com.vqa.testannotation.AlphabeticalOrder" time="0.018" errors="0" timestamp="2024-05-03T22:12:21 IST" skipped="0">
  <testcase classname="com.vqa.testannotation.AlphabeticalOrder" name="z" time="0.004"/>
  <testcase classname="com.vqa.testannotation.AlphabeticalOrder" name="a" time="0.008"/>
  <testcase classname="com.vqa.testannotation.AlphabeticalOrder" name="f" time="0.002"/>
  <testcase classname="com.vqa.testannotation.AlphabeticalOrder" name="h" time="0.002"/>
  <testcase classname="com.vqa.testannotation.AlphabeticalOrder" name="g" time="0.002"/>
</testsuite> <!-- com.vqa.testannotation.AlphabeticalOrder -->
